Using pre-set license
Built from '2020.3/staging' branch; Version is '2020.3.8f1 (507919d4fff5) revision 5273881'; Using compiler version '192528614'; Build Type 'Release'
OS: 'Windows 10 Enterprise LTSC 2019; OS build 17763.1637; Version 1809; 64bit' Language: 'ru' Physical Memory: 16335 MB
BatchMode: 1, IsHumanControllingUs: 0, StartBugReporterOnCrash: 0, Is64bit: 1, IsPro: 0

 COMMAND LINE ARGUMENTS:
E:\Program Files\Unity\2020.3.8f1\Editor\Unity.exe
-adb2
-batchMode
-noUpm
-name
AssetImportWorker2
-projectPath
E:/coding/unity/Ludum-Dare-49-Game
-logFile
Logs/AssetImportWorker2.log
-srvPort
60353
Successfully changed project path to: E:/coding/unity/Ludum-Dare-49-Game
E:/coding/unity/Ludum-Dare-49-Game
Using Asset Import Pipeline V2.
Refreshing native plugins compatible for Editor in 145.42 ms, found 4 plugins.
Preloading 0 native plugins for Editor in 0.00 ms.
Initialize engine version: 2020.3.8f1 (507919d4fff5)
[Subsystems] Discovering subsystems at path E:/Program Files/Unity/2020.3.8f1/Editor/Data/Resources/UnitySubsystems
[Subsystems] Discovering subsystems at path E:/coding/unity/Ludum-Dare-49-Game/Assets
GfxDevice: creating device client; threaded=0
Direct3D:
    Version:  Direct3D 11.0 [level 11.1]
    Renderer: Radeon RX 570 Series (ID=0x67df)
    Vendor:   
    VRAM:     8171 MB
    Driver:   27.20.14501.18003
Shader 'Universal Render Pipeline/Particles/Lit': fallback shader 'Universal Render Pipeline/Particles/SimpleLit' not found
Initialize mono
Mono path[0] = 'E:/Program Files/Unity/2020.3.8f1/Editor/Data/Managed'
Mono path[1] = 'E:/Program Files/Unity/2020.3.8f1/Editor/Data/MonoBleedingEdge/lib/mono/unityjit'
Mono config path = 'E:/Program Files/Unity/2020.3.8f1/Editor/Data/MonoBleedingEdge/etc'
Using monoOptions --debugger-agent=transport=dt_socket,embedding=1,server=y,suspend=n,address=127.0.0.1:56604
Begin MonoManager ReloadAssembly
Registering precompiled unity dll's ...
Register platform support module: E:/Program Files/Unity/2020.3.8f1/Editor/Data/PlaybackEngines/WebGLSupport/UnityEditor.WebGL.Extensions.dll
Register platform support module: E:/Program Files/Unity/2020.3.8f1/Editor/Data/PlaybackEngines/WindowsStandaloneSupport/UnityEditor.WindowsStandalone.Extensions.dll
Registered in 0.001429 seconds.
Native extension for WindowsStandalone target not found
Native extension for WebGL target not found
Refreshing native plugins compatible for Editor in 145.05 ms, found 4 plugins.
Preloading 0 native plugins for Editor in 0.00 ms.
Mono: successfully reloaded assembly
- Completed reload, in  1.931 seconds
Platform modules already initialized, skipping
Registering precompiled user dll's ...
Registered in 0.002543 seconds.
Begin MonoManager ReloadAssembly
Native extension for WindowsStandalone target not found
Native extension for WebGL target not found
Refreshing native plugins compatible for Editor in 148.51 ms, found 4 plugins.
Preloading 0 native plugins for Editor in 0.00 ms.
Mono: successfully reloaded assembly
- Completed reload, in  1.930 seconds
Platform modules already initialized, skipping
========================================================================
Worker process is ready to serve import requests
Shader 'Universal Render Pipeline/Particles/Lit': fallback shader 'Universal Render Pipeline/Particles/SimpleLit' not found
Launched and connected shader compiler UnityShaderCompiler.exe after 0.08 seconds
Refreshing native plugins compatible for Editor in 1.70 ms, found 4 plugins.
Preloading 0 native plugins for Editor in 0.00 ms.
Unloading 4926 Unused Serialized files (Serialized files now loaded: 0)
System memory in use before: 195.7 MB.
System memory in use after: 195.6 MB.

Unloading 37 unused Assets to reduce memory usage. Loaded Objects now: 5368.
Total: 4.793500 ms (FindLiveObjects: 0.536900 ms CreateObjectMapping: 0.180600 ms MarkObjects: 3.858400 ms  DeleteObjects: 0.215600 ms)

========================================================================
Received Import Request.
  path: Packages/www.nulltale.core/Core/Timeline/Editor/Core.Timeline.Editor.asmdef
  artifactKey: Guid(464a05f3d98a9ce4789a8558396f38b7) Importer(815301076,1909f56bfc062723c751e8b465ee728b)
Start importing Packages/www.nulltale.core/Core/Timeline/Editor/Core.Timeline.Editor.asmdef using Guid(464a05f3d98a9ce4789a8558396f38b7) Importer(815301076,1909f56bfc062723c751e8b465ee728b)  -> (artifact id: 'ebc7d7c3c96f14126454fb4621bef087') in 0.051963 seconds
  Import took 0.061858 seconds .

========================================================================
Received Import Request.
  Time since last request: 14.034493 seconds.
  path: Packages/www.nulltale.core/Core/Timeline/Editor/Core.Timeline.Editor.asmdef
  artifactKey: Guid(464a05f3d98a9ce4789a8558396f38b7) Importer(815301076,1909f56bfc062723c751e8b465ee728b)
Start importing Packages/www.nulltale.core/Core/Timeline/Editor/Core.Timeline.Editor.asmdef using Guid(464a05f3d98a9ce4789a8558396f38b7) Importer(815301076,1909f56bfc062723c751e8b465ee728b)  -> (artifact id: 'fb105171ac9ef691c187652f90cf3f25') in 0.002110 seconds
  Import took 0.012824 seconds .

========================================================================
Received Prepare
Registering precompiled user dll's ...
Registered in 0.004170 seconds.
Begin MonoManager ReloadAssembly
Native extension for WindowsStandalone target not found
Native extension for WebGL target not found
Refreshing native plugins compatible for Editor in 1.42 ms, found 4 plugins.
Preloading 0 native plugins for Editor in 0.00 ms.
Mono: successfully reloaded assembly
- Completed reload, in  2.347 seconds
Platform modules already initialized, skipping
Shader 'Universal Render Pipeline/Particles/Lit': fallback shader 'Universal Render Pipeline/Particles/SimpleLit' not found
Refreshing native plugins compatible for Editor in 1.06 ms, found 4 plugins.
Preloading 0 native plugins for Editor in 0.00 ms.
Unloading 4777 Unused Serialized files (Serialized files now loaded: 0)
System memory in use before: 186.3 MB.
System memory in use after: 186.3 MB.

Unloading 25 unused Assets to reduce memory usage. Loaded Objects now: 5370.
Total: 6.772200 ms (FindLiveObjects: 1.067800 ms CreateObjectMapping: 0.608000 ms MarkObjects: 4.889200 ms  DeleteObjects: 0.205600 ms)

========================================================================
Received Prepare
Shader 'Universal Render Pipeline/Particles/Lit': fallback shader 'Universal Render Pipeline/Particles/SimpleLit' not found
Refreshing native plugins compatible for Editor in 5.07 ms, found 4 plugins.
Preloading 0 native plugins for Editor in 0.00 ms.
Unloading 21 Unused Serialized files (Serialized files now loaded: 0)
System memory in use before: 92.6 MB.
System memory in use after: 92.6 MB.

Unloading 21 unused Assets to reduce memory usage. Loaded Objects now: 5370.
Total: 4.389100 ms (FindLiveObjects: 0.552300 ms CreateObjectMapping: 0.208500 ms MarkObjects: 3.421700 ms  DeleteObjects: 0.204500 ms)

========================================================================
Received Prepare
Registering precompiled user dll's ...
Registered in 0.002616 seconds.
Begin MonoManager ReloadAssembly
Native extension for WindowsStandalone target not found
Native extension for WebGL target not found
Refreshing native plugins compatible for Editor in 1.01 ms, found 4 plugins.
Preloading 0 native plugins for Editor in 0.00 ms.
Mono: successfully reloaded assembly
- Completed reload, in  1.557 seconds
Platform modules already initialized, skipping
Shader 'Universal Render Pipeline/Particles/Lit': fallback shader 'Universal Render Pipeline/Particles/SimpleLit' not found
Refreshing native plugins compatible for Editor in 1.65 ms, found 4 plugins.
Preloading 0 native plugins for Editor in 0.00 ms.
Unloading 4777 Unused Serialized files (Serialized files now loaded: 0)
System memory in use before: 186.5 MB.
System memory in use after: 186.5 MB.

Unloading 25 unused Assets to reduce memory usage. Loaded Objects now: 5372.
Total: 4.493500 ms (FindLiveObjects: 0.531200 ms CreateObjectMapping: 0.169200 ms MarkObjects: 3.584300 ms  DeleteObjects: 0.207100 ms)

